已經開始建置於 2016/1/13 下午 09:09:53。
     1>節點 2 (Build 目標) 上的專案 "C:\Users\dicky0626\Desktop\Final\SocketServer\SocketServer\SocketServer.vcxproj"。
     1>ClCompile:
         C:\Program Files (x86)\Microsoft Visual Studio 12.0\VC\bin\CL.exe /c /ZI /nologo /W3 /WX- /sdl /Od /Oy- /D WIN32 /D _WINDOWS /D _DEBUG /D _UNICODE /D UNICODE /D _AFXDLL /Gm /EHsc /RTC1 /MDd /GS /fp:precise /Zc:wchar_t /Zc:forScope /Yc"stdafx.h" /Fp"Debug\SocketServer.pch" /Fo"Debug\\" /Fd"Debug\vc120.pdb" /Gd /TP /analyze- /errorReport:prompt stdafx.cpp
         stdafx.cpp
         C:\Program Files (x86)\Microsoft Visual Studio 12.0\VC\bin\CL.exe /c /ZI /nologo /W3 /WX- /sdl /Od /Oy- /D WIN32 /D _WINDOWS /D _DEBUG /D _UNICODE /D UNICODE /D _AFXDLL /Gm /EHsc /RTC1 /MDd /GS /fp:precise /Zc:wchar_t /Zc:forScope /Yu"stdafx.h" /Fp"Debug\SocketServer.pch" /Fo"Debug\\" /Fd"Debug\vc120.pdb" /Gd /TP /analyze- /errorReport:prompt MySocketServer.cpp SocketServer.cpp SocketServerDlg.cpp TraceRichEdit.cpp UserManager.cpp
         UserManager.cpp
         TraceRichEdit.cpp
         SocketServerDlg.cpp
         SocketServer.cpp
         MySocketServer.cpp
         正在產生程式碼...
       Link:
         C:\Program Files (x86)\Microsoft Visual Studio 12.0\VC\bin\link.exe /ERRORREPORT:PROMPT /OUT:"C:\Users\dicky0626\Desktop\Final\SocketServer\Debug\SocketServer.exe" /INCREMENTAL /NOLOGO /MANIFEST /MANIFESTUAC:"level='asInvoker' uiAccess='false'" /manifest:embed /manifestinput:"C:\Program Files (x86)\Microsoft Visual Studio 12.0\VC\Include\Manifest\dpiaware.manifest" /DEBUG /PDB:"C:\Users\dicky0626\Desktop\Final\SocketServer\Debug\SocketServer.pdb" /SUBSYSTEM:WINDOWS /TLBID:1 /ENTRY:"wWinMainCRTStartup" /DYNAMICBASE /NXCOMPAT /IMPLIB:"C:\Users\dicky0626\Desktop\Final\SocketServer\Debug\SocketServer.lib" /MACHINE:X86 Debug\SocketServer.res
         Debug\MySocketServer.obj
         Debug\SocketServer.obj
         Debug\SocketServerDlg.obj
         Debug\stdafx.obj
         Debug\TraceRichEdit.obj
         Debug\UserManager.obj
         SocketServer.vcxproj -> C:\Users\dicky0626\Desktop\Final\SocketServer\Debug\SocketServer.exe
     1>專案 "C:\Users\dicky0626\Desktop\Final\SocketServer\SocketServer\SocketServer.vcxproj" (Build 目標) 建置完成。

建置成功。

經過時間 00:00:03.60
