\\mac\home\documents\visual studio 2013\projects\class_window_programming\final\socketserver\socketserver\debug\socketserver.pch
\\mac\home\documents\visual studio 2013\projects\class_window_programming\final\socketserver\socketserver\debug\vc120.pdb
\\mac\home\documents\visual studio 2013\projects\class_window_programming\final\socketserver\socketserver\debug\vc120.idb
\\mac\home\documents\visual studio 2013\projects\class_window_programming\final\socketserver\socketserver\debug\stdafx.obj
\\mac\home\documents\visual studio 2013\projects\class_window_programming\final\socketserver\socketserver\debug\mysocketserver.obj
\\mac\home\documents\visual studio 2013\projects\class_window_programming\final\socketserver\socketserver\debug\socketserver.obj
\\mac\home\documents\visual studio 2013\projects\class_window_programming\final\socketserver\socketserver\debug\socketserverdlg.obj
\\mac\home\documents\visual studio 2013\projects\class_window_programming\final\socketserver\socketserver\debug\tracerichedit.obj
\\mac\home\documents\visual studio 2013\projects\class_window_programming\final\socketserver\socketserver\debug\usermanager.obj
\\mac\home\documents\visual studio 2013\projects\class_window_programming\final\socketserver\debug\socketserver.ilk
\\mac\home\documents\visual studio 2013\projects\class_window_programming\final\socketserver\debug\socketserver.exe
\\mac\home\documents\visual studio 2013\projects\class_window_programming\final\socketserver\debug\socketserver.pdb
\\mac\home\documents\visual studio 2013\projects\class_window_programming\final\socketserver\socketserver\debug\socketserver.res
\\mac\home\documents\visual studio 2013\projects\class_window_programming\final\socketserver\socketserver\debug\socketserver.tlog\cl.command.1.tlog
\\mac\home\documents\visual studio 2013\projects\class_window_programming\final\socketserver\socketserver\debug\socketserver.tlog\cl.read.1.tlog
\\mac\home\documents\visual studio 2013\projects\class_window_programming\final\socketserver\socketserver\debug\socketserver.tlog\cl.write.1.tlog
\\mac\home\documents\visual studio 2013\projects\class_window_programming\final\socketserver\socketserver\debug\socketserver.tlog\link.command.1.tlog
\\mac\home\documents\visual studio 2013\projects\class_window_programming\final\socketserver\socketserver\debug\socketserver.tlog\link.read.1.tlog
\\mac\home\documents\visual studio 2013\projects\class_window_programming\final\socketserver\socketserver\debug\socketserver.tlog\link.write.1.tlog
\\mac\home\documents\visual studio 2013\projects\class_window_programming\final\socketserver\socketserver\debug\socketserver.tlog\rc.command.1.tlog
\\mac\home\documents\visual studio 2013\projects\class_window_programming\final\socketserver\socketserver\debug\socketserver.tlog\rc.read.1.tlog
\\mac\home\documents\visual studio 2013\projects\class_window_programming\final\socketserver\socketserver\debug\socketserver.tlog\rc.write.1.tlog
